


ARM Macro Assembler    Page 1 


    1 00000000         
    2 00000000                 GET              common.s
    1 00000000         ;自己确定变量的地址
    2 00000000 20004900 
                       SEG_QIAN
                               EQU              0X20004900  ;存储数码管的千位
    3 00000000 20004904 
                       SEG_BAI EQU              0X20004904  ;存储数码管的百位
    4 00000000 20004908 
                       SEG_SHI EQU              0X20004908  ;存储数码管的十位
    5 00000000 2000490C 
                       SEG_GE  EQU              0X2000490C  ;存储数码管的个位
    6 00000000 20004910 
                       SEG_CNT EQU              0X20004910  ;控制数码管的刷新顺
                                                            序
    7 00000000         ;寄存器的定义 
    8 00000000 40010800 
                       GPIOA_CRL
                               EQU              0x40010800  ;端口配置低寄存器 
    9 00000000 40010808 
                       GPIOA_IDR
                               EQU              0x40010808  ;端口输入数据寄存器
                                                            
   10 00000000 4001080C 
                       GPIOA_ODR
                               EQU              0x4001080c  ;端口输出数据寄存器
                                                            
   11 00000000 40010C00 
                       GPIOB_CRL
                               EQU              0x40010C00  ;端口配置低寄存器 
   12 00000000 40010C04 
                       GPIOB_CRH
                               EQU              0x40010C04  ;端口配置低寄存器 
   13 00000000 40010C08 
                       GPIOB_IDR
                               EQU              0x40010C08  ;端口输入数据寄存器
                                                            
   14 00000000 40010C0C 
                       GPIOB_ODR
                               EQU              0x40010C0c  ;端口输出数据寄存器
                                                            
   15 00000000 40011004 
                       GPIOC_CRH
                               EQU              0x40011004  ;端口配置高寄存器 
   16 00000000 4001100C 
                       GPIOC_ODR
                               EQU              0x4001100C  ;端口输出数据寄存器
                                                             
   17 00000000 40021018 
                       RCC_APB2ENR
                               EQU              0x40021018  ;外设时钟使能寄存器
                                                            
   18 00000000 4002101C 
                       RCC_APB1ENR
                               EQU              0x4002101C  ;外设时钟使能寄存器
                                                            
   19 00000000 40021000 
                       RCC_CR  EQU              0x40021000  ;控制寄存器
   20 00000000 40021004 



ARM Macro Assembler    Page 2 


                       RCC_CFGR
                               EQU              0x40021004  ;配置寄存器
   21 00000000 40000000 
                       TIM2_CR1
                               EQU              0x40000000  ;控制寄存器
   22 00000000 40000028 
                       TIM2_PSC
                               EQU              0x40000028  ;预分频寄存器
   23 00000000 4000002C 
                       TIM2_ARR
                               EQU              0x4000002C  ;重装值寄存器
   24 00000000 4000000C 
                       TIM2_DIER
                               EQU              0x4000000C  ;dma/中断使能寄存器
                                                            
   25 00000000 40000010 
                       TIM2_SR EQU              0x40000010  ;状态寄存器 
   26 00000000 40000400 
                       TIM3_CR1
                               EQU              0x40000400  ;控制寄存器 
   27 00000000 40000428 
                       TIM3_PSC
                               EQU              0x40000428  ;预分频寄存器
   28 00000000 4000042C 
                       TIM3_ARR
                               EQU              0x4000042C  ;重装值寄存器
   29 00000000 4000040C 
                       TIM3_DIER
                               EQU              0x4000040C  ;dma/中断使能寄存器
                                                            
   30 00000000 40000410 
                       TIM3_SR EQU              0x40000410  ;状态寄存器
   31 00000000 40000424 
                       TIM3_CNT
                               EQU              0x40000424  ;计数器
   32 00000000 E000E100 
                       NVIC_SETENA0
                               EQU              0xE000E100  ;中断设置使能寄存器
                                                            
   33 00000000 E000E180 
                       NVIC_CLREA0
                               EQU              0xE000E180  ;中断设置除能寄存器
                                                            
   34 00000000 E000E280 
                       NVIC_CLRPEN
                               EQU              0xE000E280  ;中断挂起寄存器
   35 00000000 E000E010 
                       SYSTICK_CSR
                               EQU              0xE000E010  ;控制及状态寄存器
   36 00000000 E000E014 
                       SYSTICK_RELOAD
                               EQU              0xE000E014  ;重装值寄存器
   37 00000000 E000E018 
                       SYSTICK_CURRENT
                               EQU              0xE000E018  ;当前值寄存器
   38 00000000 40003000 
                       IWDG_KR EQU              0x40003000  ;键寄存器
   39 00000000 40003004 
                       IWDG_PR EQU              0x40003004  ;预分频寄存器



ARM Macro Assembler    Page 3 


   40 00000000 40003008 
                       IWDG_RLR
                               EQU              0x40003008  ;重装再载寄存器 
   41 00000000 4000300C 
                       IWDG_SR EQU              0x4000300c  ;状态寄存器
   42 00000000         ;标号导入
   43 00000000                 IMPORT           SHOW0
   44 00000000                 IMPORT           SHOW1
   45 00000000                 IMPORT           SHOW2
   46 00000000                 IMPORT           SHOW3
   47 00000000                 IMPORT           SHOW4
   48 00000000                 IMPORT           SHOW5
   49 00000000                 IMPORT           SHOW6
   50 00000000                 IMPORT           SHOW7
   51 00000000                 IMPORT           SHOW8
   52 00000000                 IMPORT           SHOW9
   53 00000000                 IMPORT           W1_ON
   54 00000000                 IMPORT           W2_ON
   55 00000000                 IMPORT           W3_ON
   56 00000000                 IMPORT           W4_ON
   57 00000000                 IMPORT           DP_ON
   58 00000000                 IMPORT           W1_OFF
   59 00000000                 IMPORT           W2_OFF
   60 00000000                 IMPORT           W3_OFF
   61 00000000                 IMPORT           W4_OFF
   62 00000000                 IMPORT           DP_OFF
   63 00000000                 AREA             HEADER, CODE, READONLY
   64 00000000                 END
    3 00000000                 IMPORT           cal_dis
    4 00000000                 IMPORT           ECHO
    5 00000000                 IMPORT           IWDG_FEED
    6 00000000                 PRESERVE8
    7 00000000                 AREA             MY_CODE, CODE, READONLY
    8 00000000         TIM2_CFG
                               PROC
    9 00000000                 EXPORT           TIM2_CFG
   10 00000000 B500            PUSH             {R14}
   11 00000002         ;设置分频
   12 00000002 4872            LDR              R0,=TIM2_PSC
   13 00000004 F04F 012F       LDR              R1,=47
   14 00000008 6001            STR              R1,[R0]
   15 0000000A         ;设置周期
   16 0000000A 4871            LDR              R0,=TIM2_ARR
   17 0000000C F241 3188       LDR              R1,=5000
   18 00000010 6001            STR              R1,[R0]
   19 00000012         ;使能更新中断
   20 00000012 4870            LDR              R0,=TIM2_DIER
   21 00000014 6801            LDR              R1,[R0]
   22 00000016 F041 0101       ORR              R1,#0X1
   23 0000001A 6001            STR              R1,[R0]
   24 0000001C         ;使能NVIC中断
   25 0000001C 486E            LDR              R0,=NVIC_SETENA0
   26 0000001E 6801            LDR              R1,[R0]
   27 00000020 F04F 0201       LDR              R2,=0X1
   28 00000024 EA4F 7202       LSL              R2,#28
   29 00000028 EA41 0102       ORR              R1,R2
   30 0000002C 6001            STR              R1,[R0]
   31 0000002E         ;使能计数器
   32 0000002E F04F 4080       LDR              R0,=TIM2_CR1



ARM Macro Assembler    Page 4 


   33 00000032 6801            LDR              R1,[R0]
   34 00000034 F04F 0201       LDR              R2,=0X1
   35 00000038 EA41 0102       ORR              R1,R2
   36 0000003C 6001            STR              R1,[R0]
   37 0000003E BD00            POP              {PC}
   38 00000040                 ENDP
   39 00000040         TIM3_CFG
                               PROC
   40 00000040                 EXPORT           TIM3_CFG
   41 00000040 B500            PUSH             {R14}
   42 00000042         ;设置分频
   43 00000042 4866            LDR              R0,=TIM3_PSC
   44 00000044 F04F 012F       LDR              R1,=47      ;分频到微妙级
   45 00000048 6001            STR              R1,[R0]
   46 0000004A         ;设置周期
   47 0000004A 4865            LDR              R0,=TIM3_ARR
   48 0000004C F64F 71FF       LDR              R1,=65535
   49 00000050 6001            STR              R1,[R0]
   50 00000052         ;开定时器
   51 00000052 4864            LDR              R0,=TIM3_CR1
   52 00000054 F04F 0101       LDR              R1,=1
   53 00000058 F041 0101       ORR              R1,#1
   54 0000005C 6001            STR              R1,[R0]
   55 0000005E BD00            POP              {PC}
   56 00000060                 ENDP
   57 00000060         TIM2_IRQHandler
                               PROC
   58 00000060                 EXPORT           TIM2_IRQHandler
   59 00000060 B500            PUSH             {R14}
   60 00000062 4861            LDR              R0,=TIM2_SR
   61 00000064 6801            LDR              R1,[R0]
   62 00000066 F04F 0201       LDR              R2,=0X1
   63 0000006A 4211            TST              R1,R2
   64 0000006C BF08 F000 
              F87F             BLEQ             OUT
   65 00000072         ;;;;;;;;;;;;;;;
   66 00000072 485E            LDR              R0,=SEG_CNT
   67 00000074 6801            LDR              R1,[R0]
   68 00000076 F101 0101       ADD              R1,#1
   69 0000007A 6001            STR              R1,[R0]
   70 0000007C         ;;;
   71 0000007C 2900            CMP              R1,#0
   72 0000007E D00C            BEQ              UPDATA_SEG_QIAN
   73 00000080 2901            CMP              R1,#1
   74 00000082 D016            BEQ              UPDATA_SEG_BAI
   75 00000084 2902            CMP              R1,#2
   76 00000086 D020            BEQ              UPDATA_SEG_SHI
   77 00000088 2903            CMP              R1,#3
   78 0000008A D02A            BEQ              UPDATA_SEG_GE
   79 0000008C 2903            CMP              R1,#3
   80 0000008E D8FF            BHI              RESET_SEG_CNT
   81 00000090         RESET_SEG_CNT
   82 00000090 4856            LDR              R0,=SEG_CNT
   83 00000092 F04F 0100       LDR              R1,=0
   84 00000096 6001            STR              R1,[R0]
   85 00000098 E7FF            B                UPDATA_SEG_QIAN
   86 0000009A         UPDATA_SEG_QIAN
   87 0000009A F7FF FFFE       BL               W1_ON
   88 0000009E F7FF FFFE       BL               W2_OFF



ARM Macro Assembler    Page 5 


   89 000000A2 F7FF FFFE       BL               W3_OFF
   90 000000A6 F7FF FFFE       BL               W4_OFF
   91 000000AA F7FF FFFE       BL               DP_OFF
   92 000000AE 4850            LDR              R0,=SEG_QIAN
   93 000000B0 E023            B                UPDATE_SEG
   94 000000B2         UPDATA_SEG_BAI
   95 000000B2 F7FF FFFE       BL               W1_OFF
   96 000000B6 F7FF FFFE       BL               W2_ON
   97 000000BA F7FF FFFE       BL               W3_OFF
   98 000000BE F7FF FFFE       BL               W4_OFF
   99 000000C2 F7FF FFFE       BL               DP_OFF
  100 000000C6 484B            LDR              R0,=SEG_BAI
  101 000000C8 E017            B                UPDATE_SEG
  102 000000CA         UPDATA_SEG_SHI
  103 000000CA F7FF FFFE       BL               W1_OFF
  104 000000CE F7FF FFFE       BL               W2_OFF
  105 000000D2 F7FF FFFE       BL               W3_ON
  106 000000D6 F7FF FFFE       BL               W4_OFF
  107 000000DA F7FF FFFE       BL               DP_OFF
  108 000000DE 4846            LDR              R0,=SEG_SHI
  109 000000E0 E00B            B                UPDATE_SEG
  110 000000E2         UPDATA_SEG_GE
  111 000000E2 F7FF FFFE       BL               W1_OFF
  112 000000E6 F7FF FFFE       BL               W2_OFF
  113 000000EA F7FF FFFE       BL               W3_OFF
  114 000000EE F7FF FFFE       BL               W4_ON
  115 000000F2 F7FF FFFE       BL               DP_OFF
  116 000000F6 4841            LDR              R0,=SEG_GE
  117 000000F8 E7FF            B                UPDATE_SEG
  118 000000FA         UPDATE_SEG
  119 000000FA 6807            LDR              R7,[R0]
  120 000000FC 2F00            CMP              R7,#0
  121 000000FE BF08 F7FF 
              FFFE             BLEQ             SHOW0
  122 00000104 2F01            CMP              R7,#1
  123 00000106 BF08 F7FF 
              FFFE             BLEQ             SHOW1
  124 0000010C 2F02            CMP              R7,#2
  125 0000010E BF08 F7FF 
              FFFE             BLEQ             SHOW2
  126 00000114 2F03            CMP              R7,#3
  127 00000116 BF08 F7FF 
              FFFE             BLEQ             SHOW3
  128 0000011C 2F04            CMP              R7,#4
  129 0000011E BF08 F7FF 
              FFFE             BLEQ             SHOW4
  130 00000124 2F05            CMP              R7,#5
  131 00000126 BF08 F7FF 
              FFFE             BLEQ             SHOW5
  132 0000012C 2F06            CMP              R7,#6
  133 0000012E BF08 F7FF 
              FFFE             BLEQ             SHOW6
  134 00000134 2F07            CMP              R7,#7
  135 00000136 BF08 F7FF 
              FFFE             BLEQ             SHOW7
  136 0000013C 2F08            CMP              R7,#8
  137 0000013E BF08 F7FF 
              FFFE             BLEQ             SHOW8
  138 00000144 2F09            CMP              R7,#9



ARM Macro Assembler    Page 6 


  139 00000146 BF08 F7FF 
              FFFE             BLEQ             SHOW9
  140 0000014C         
  141 0000014C F7FF FFFE       BL               IWDG_FEED
  142 00000150         ;;;;;;;;;;;;;;;
  143 00000150         ;清除挂起标志
  144 00000150 482B            LDR              R0,=NVIC_CLRPEN
  145 00000152 6801            LDR              R1,[R0]
  146 00000154 F04F 0201       LDR              R2,=0X1
  147 00000158 EA4F 7202       LSL              R2,#28
  148 0000015C EA41 0102       ORR              R1,R2
  149 00000160 6001            STR              R1,[R0]
  150 00000162         ;清除中断标志位
  151 00000162 4821            LDR              R0,=TIM2_SR
  152 00000164 6801            LDR              R1,[R0]
  153 00000166 F04F 0201       LDR              R2,=0X1
  154 0000016A EA21 0102       BIC              R1,R2
  155 0000016E 6001            STR              R1,[R0]
  156 00000170         OUT
  157 00000170 BD00            POP              {PC}
  158 00000172                 ENDP
  159 00000172         IO_CFG  PROC                         ;配置GPIO
  160 00000172                 EXPORT           IO_CFG
  161 00000172         ;配置A0-A7为推挽输出，最大速率
  162 00000172 4824            LDR              R0,=GPIOA_CRL
  163 00000174 6802            LDR              R2,[R0]
  164 00000176 F002 0100       AND              R1,R2,#0X00000000
  165 0000017A F04F 3233       LDR              R2,=0x33333333
  166 0000017E EA81 0102       EOR              R1,R2
  167 00000182 6001            STR              R1,[R0]
  168 00000184         ;配置B0,B4-B7推挽输出，最大速率
  169 00000184 4820            LDR              R0,=GPIOB_CRL
  170 00000186 6802            LDR              R2,[R0]
  171 00000188 F64F 73F0       LDR              R3,=0X0000FFF0
  172 0000018C EA02 0103       AND              R1,R2,R3
  173 00000190 4A1E            LDR              R2,=0x33330003
  174 00000192 EA41 0102       ORR              R1,R2
  175 00000196 6001            STR              R1,[R0]
  176 00000198         ;配置B8-B9推挽输出，最大速率
  177 00000198 481D            LDR              R0,=GPIOB_CRH
  178 0000019A 6802            LDR              R2,[R0]
  179 0000019C F022 01FF       AND              R1,R2,#0XFFFFFF00
  180 000001A0 F04F 0233       LDR              R2,=0x00000033
  181 000001A4 EA41 0102       ORR              R1,R2
  182 000001A8 6001            STR              R1,[R0]
  183 000001AA         ;配置B1为输入,带拉电阻
  184 000001AA 4817            LDR              R0,=GPIOB_CRL
  185 000001AC 6802            LDR              R2,[R0]
  186 000001AE F022 01F0       AND              R1,R2,#0XFFFFFF0F
  187 000001B2 F041 0180       ORR              R1,#0X80
  188 000001B6 6001            STR              R1,[R0]
  189 000001B8         ;配置C13为推挽输出
  190 000001B8 4816            LDR              R0,=GPIOC_CRH
  191 000001BA 6802            LDR              R2,[R0]
  192 000001BC F422 0170       AND              R1,R2,#0XFF0FFFFF
  193 000001C0 F44F 1240       LDR              R2,=0x00300000
  194 000001C4 EA41 0102       ORR              R1,R2
  195 000001C8 6001            STR              R1,[R0]
  196 000001CA 4770            BX               R14



ARM Macro Assembler    Page 7 


  197 000001CC                 ENDP
  198 000001CC                 ALIGN
  199 000001CC                 END
              40000028 
              4000002C 
              4000000C 
              E000E100 
              40000428 
              4000042C 
              40000400 
              40000010 
              20004910 
              20004900 
              20004904 
              20004908 
              2000490C 
              E000E280 
              40010800 
              40010C00 
              33330003 
              40010C04 
              40011004 
Command Line: --debug --xref --diag_suppress=9931 --cpu=Cortex-M3 --apcs=interw
ork --depend=.\objects\proc.d -o.\objects\proc.o -IE:\STM32p超声波测距传感器p数
码管p原理图pARM汇编实现e实现9999毫米内的测距\cgq\RTE -ID:\Keil_v5\ARM\PACK\Keil
\STM32F1xx_DFP\2.2.0 -ID:\Keil_v5\ARM\CMSIS\Include --predefine="__UVISION_VERS
ION SETA 514" --predefine="STM32F10X_MD SETA 1" --list=.\listings\proc.lst proc
.s



ARM Macro Assembler    Page 1 Alphabetic symbol ordering
Relocatable symbols

HEADER 00000000

Symbol: HEADER
   Definitions
      At line 63 in file common.s
   Uses
      None
Comment: HEADER unused
1 symbol



ARM Macro Assembler    Page 1 Alphabetic symbol ordering
Relocatable symbols

IO_CFG 00000172

Symbol: IO_CFG
   Definitions
      At line 159 in file proc.s
   Uses
      At line 160 in file proc.s
Comment: IO_CFG used once
MY_CODE 00000000

Symbol: MY_CODE
   Definitions
      At line 7 in file proc.s
   Uses
      None
Comment: MY_CODE unused
OUT 00000170

Symbol: OUT
   Definitions
      At line 156 in file proc.s
   Uses
      At line 64 in file proc.s
Comment: OUT used once
RESET_SEG_CNT 00000090

Symbol: RESET_SEG_CNT
   Definitions
      At line 81 in file proc.s
   Uses
      At line 80 in file proc.s
Comment: RESET_SEG_CNT used once
TIM2_CFG 00000000

Symbol: TIM2_CFG
   Definitions
      At line 8 in file proc.s
   Uses
      At line 9 in file proc.s
Comment: TIM2_CFG used once
TIM2_IRQHandler 00000060

Symbol: TIM2_IRQHandler
   Definitions
      At line 57 in file proc.s
   Uses
      At line 58 in file proc.s
Comment: TIM2_IRQHandler used once
TIM3_CFG 00000040

Symbol: TIM3_CFG
   Definitions
      At line 39 in file proc.s
   Uses
      At line 40 in file proc.s
Comment: TIM3_CFG used once
UPDATA_SEG_BAI 000000B2

Symbol: UPDATA_SEG_BAI



ARM Macro Assembler    Page 2 Alphabetic symbol ordering
Relocatable symbols

   Definitions
      At line 94 in file proc.s
   Uses
      At line 74 in file proc.s
Comment: UPDATA_SEG_BAI used once
UPDATA_SEG_GE 000000E2

Symbol: UPDATA_SEG_GE
   Definitions
      At line 110 in file proc.s
   Uses
      At line 78 in file proc.s
Comment: UPDATA_SEG_GE used once
UPDATA_SEG_QIAN 0000009A

Symbol: UPDATA_SEG_QIAN
   Definitions
      At line 86 in file proc.s
   Uses
      At line 72 in file proc.s
      At line 85 in file proc.s

UPDATA_SEG_SHI 000000CA

Symbol: UPDATA_SEG_SHI
   Definitions
      At line 102 in file proc.s
   Uses
      At line 76 in file proc.s
Comment: UPDATA_SEG_SHI used once
UPDATE_SEG 000000FA

Symbol: UPDATE_SEG
   Definitions
      At line 118 in file proc.s
   Uses
      At line 93 in file proc.s
      At line 101 in file proc.s
      At line 109 in file proc.s
      At line 117 in file proc.s

12 symbols



ARM Macro Assembler    Page 1 Alphabetic symbol ordering
Absolute symbols

GPIOA_CRL 40010800

Symbol: GPIOA_CRL
   Definitions
      At line 8 in file common.s
   Uses
      At line 162 in file proc.s
Comment: GPIOA_CRL used once
GPIOA_IDR 40010808

Symbol: GPIOA_IDR
   Definitions
      At line 9 in file common.s
   Uses
      None
Comment: GPIOA_IDR unused
GPIOA_ODR 4001080C

Symbol: GPIOA_ODR
   Definitions
      At line 10 in file common.s
   Uses
      None
Comment: GPIOA_ODR unused
GPIOB_CRH 40010C04

Symbol: GPIOB_CRH
   Definitions
      At line 12 in file common.s
   Uses
      At line 177 in file proc.s
Comment: GPIOB_CRH used once
GPIOB_CRL 40010C00

Symbol: GPIOB_CRL
   Definitions
      At line 11 in file common.s
   Uses
      At line 169 in file proc.s
      At line 184 in file proc.s

GPIOB_IDR 40010C08

Symbol: GPIOB_IDR
   Definitions
      At line 13 in file common.s
   Uses
      None
Comment: GPIOB_IDR unused
GPIOB_ODR 40010C0C

Symbol: GPIOB_ODR
   Definitions
      At line 14 in file common.s
   Uses
      None
Comment: GPIOB_ODR unused
GPIOC_CRH 40011004




ARM Macro Assembler    Page 2 Alphabetic symbol ordering
Absolute symbols

Symbol: GPIOC_CRH
   Definitions
      At line 15 in file common.s
   Uses
      At line 190 in file proc.s
Comment: GPIOC_CRH used once
GPIOC_ODR 4001100C

Symbol: GPIOC_ODR
   Definitions
      At line 16 in file common.s
   Uses
      None
Comment: GPIOC_ODR unused
IWDG_KR 40003000

Symbol: IWDG_KR
   Definitions
      At line 38 in file common.s
   Uses
      None
Comment: IWDG_KR unused
IWDG_PR 40003004

Symbol: IWDG_PR
   Definitions
      At line 39 in file common.s
   Uses
      None
Comment: IWDG_PR unused
IWDG_RLR 40003008

Symbol: IWDG_RLR
   Definitions
      At line 40 in file common.s
   Uses
      None
Comment: IWDG_RLR unused
IWDG_SR 4000300C

Symbol: IWDG_SR
   Definitions
      At line 41 in file common.s
   Uses
      None
Comment: IWDG_SR unused
NVIC_CLREA0 E000E180

Symbol: NVIC_CLREA0
   Definitions
      At line 33 in file common.s
   Uses
      None
Comment: NVIC_CLREA0 unused
NVIC_CLRPEN E000E280

Symbol: NVIC_CLRPEN
   Definitions
      At line 34 in file common.s



ARM Macro Assembler    Page 3 Alphabetic symbol ordering
Absolute symbols

   Uses
      At line 144 in file proc.s
Comment: NVIC_CLRPEN used once
NVIC_SETENA0 E000E100

Symbol: NVIC_SETENA0
   Definitions
      At line 32 in file common.s
   Uses
      At line 25 in file proc.s
Comment: NVIC_SETENA0 used once
RCC_APB1ENR 4002101C

Symbol: RCC_APB1ENR
   Definitions
      At line 18 in file common.s
   Uses
      None
Comment: RCC_APB1ENR unused
RCC_APB2ENR 40021018

Symbol: RCC_APB2ENR
   Definitions
      At line 17 in file common.s
   Uses
      None
Comment: RCC_APB2ENR unused
RCC_CFGR 40021004

Symbol: RCC_CFGR
   Definitions
      At line 20 in file common.s
   Uses
      None
Comment: RCC_CFGR unused
RCC_CR 40021000

Symbol: RCC_CR
   Definitions
      At line 19 in file common.s
   Uses
      None
Comment: RCC_CR unused
SEG_BAI 20004904

Symbol: SEG_BAI
   Definitions
      At line 3 in file common.s
   Uses
      At line 100 in file proc.s
Comment: SEG_BAI used once
SEG_CNT 20004910

Symbol: SEG_CNT
   Definitions
      At line 6 in file common.s
   Uses
      At line 66 in file proc.s
      At line 82 in file proc.s



ARM Macro Assembler    Page 4 Alphabetic symbol ordering
Absolute symbols


SEG_GE 2000490C

Symbol: SEG_GE
   Definitions
      At line 5 in file common.s
   Uses
      At line 116 in file proc.s
Comment: SEG_GE used once
SEG_QIAN 20004900

Symbol: SEG_QIAN
   Definitions
      At line 2 in file common.s
   Uses
      At line 92 in file proc.s
Comment: SEG_QIAN used once
SEG_SHI 20004908

Symbol: SEG_SHI
   Definitions
      At line 4 in file common.s
   Uses
      At line 108 in file proc.s
Comment: SEG_SHI used once
SYSTICK_CSR E000E010

Symbol: SYSTICK_CSR
   Definitions
      At line 35 in file common.s
   Uses
      None
Comment: SYSTICK_CSR unused
SYSTICK_CURRENT E000E018

Symbol: SYSTICK_CURRENT
   Definitions
      At line 37 in file common.s
   Uses
      None
Comment: SYSTICK_CURRENT unused
SYSTICK_RELOAD E000E014

Symbol: SYSTICK_RELOAD
   Definitions
      At line 36 in file common.s
   Uses
      None
Comment: SYSTICK_RELOAD unused
TIM2_ARR 4000002C

Symbol: TIM2_ARR
   Definitions
      At line 23 in file common.s
   Uses
      At line 16 in file proc.s
Comment: TIM2_ARR used once
TIM2_CR1 40000000




ARM Macro Assembler    Page 5 Alphabetic symbol ordering
Absolute symbols

Symbol: TIM2_CR1
   Definitions
      At line 21 in file common.s
   Uses
      At line 32 in file proc.s
Comment: TIM2_CR1 used once
TIM2_DIER 4000000C

Symbol: TIM2_DIER
   Definitions
      At line 24 in file common.s
   Uses
      At line 20 in file proc.s
Comment: TIM2_DIER used once
TIM2_PSC 40000028

Symbol: TIM2_PSC
   Definitions
      At line 22 in file common.s
   Uses
      At line 12 in file proc.s
Comment: TIM2_PSC used once
TIM2_SR 40000010

Symbol: TIM2_SR
   Definitions
      At line 25 in file common.s
   Uses
      At line 60 in file proc.s
      At line 151 in file proc.s

TIM3_ARR 4000042C

Symbol: TIM3_ARR
   Definitions
      At line 28 in file common.s
   Uses
      At line 47 in file proc.s
Comment: TIM3_ARR used once
TIM3_CNT 40000424

Symbol: TIM3_CNT
   Definitions
      At line 31 in file common.s
   Uses
      None
Comment: TIM3_CNT unused
TIM3_CR1 40000400

Symbol: TIM3_CR1
   Definitions
      At line 26 in file common.s
   Uses
      At line 51 in file proc.s
Comment: TIM3_CR1 used once
TIM3_DIER 4000040C

Symbol: TIM3_DIER
   Definitions



ARM Macro Assembler    Page 6 Alphabetic symbol ordering
Absolute symbols

      At line 29 in file common.s
   Uses
      None
Comment: TIM3_DIER unused
TIM3_PSC 40000428

Symbol: TIM3_PSC
   Definitions
      At line 27 in file common.s
   Uses
      At line 43 in file proc.s
Comment: TIM3_PSC used once
TIM3_SR 40000410

Symbol: TIM3_SR
   Definitions
      At line 30 in file common.s
   Uses
      None
Comment: TIM3_SR unused
39 symbols



ARM Macro Assembler    Page 1 Alphabetic symbol ordering
External symbols

DP_OFF 00000000

Symbol: DP_OFF
   Definitions
      At line 62 in file common.s
   Uses
      At line 91 in file proc.s
      At line 99 in file proc.s
      At line 107 in file proc.s
      At line 115 in file proc.s

DP_ON 00000000

Symbol: DP_ON
   Definitions
      At line 57 in file common.s
   Uses
      None
Comment: DP_ON unused
ECHO 00000000

Symbol: ECHO
   Definitions
      At line 4 in file proc.s
   Uses
      None
Comment: ECHO unused
IWDG_FEED 00000000

Symbol: IWDG_FEED
   Definitions
      At line 5 in file proc.s
   Uses
      At line 141 in file proc.s
Comment: IWDG_FEED used once
SHOW0 00000000

Symbol: SHOW0
   Definitions
      At line 43 in file common.s
   Uses
      At line 121 in file proc.s
Comment: SHOW0 used once
SHOW1 00000000

Symbol: SHOW1
   Definitions
      At line 44 in file common.s
   Uses
      At line 123 in file proc.s
Comment: SHOW1 used once
SHOW2 00000000

Symbol: SHOW2
   Definitions
      At line 45 in file common.s
   Uses
      At line 125 in file proc.s
Comment: SHOW2 used once



ARM Macro Assembler    Page 2 Alphabetic symbol ordering
External symbols

SHOW3 00000000

Symbol: SHOW3
   Definitions
      At line 46 in file common.s
   Uses
      At line 127 in file proc.s
Comment: SHOW3 used once
SHOW4 00000000

Symbol: SHOW4
   Definitions
      At line 47 in file common.s
   Uses
      At line 129 in file proc.s
Comment: SHOW4 used once
SHOW5 00000000

Symbol: SHOW5
   Definitions
      At line 48 in file common.s
   Uses
      At line 131 in file proc.s
Comment: SHOW5 used once
SHOW6 00000000

Symbol: SHOW6
   Definitions
      At line 49 in file common.s
   Uses
      At line 133 in file proc.s
Comment: SHOW6 used once
SHOW7 00000000

Symbol: SHOW7
   Definitions
      At line 50 in file common.s
   Uses
      At line 135 in file proc.s
Comment: SHOW7 used once
SHOW8 00000000

Symbol: SHOW8
   Definitions
      At line 51 in file common.s
   Uses
      At line 137 in file proc.s
Comment: SHOW8 used once
SHOW9 00000000

Symbol: SHOW9
   Definitions
      At line 52 in file common.s
   Uses
      At line 139 in file proc.s
Comment: SHOW9 used once
W1_OFF 00000000

Symbol: W1_OFF



ARM Macro Assembler    Page 3 Alphabetic symbol ordering
External symbols

   Definitions
      At line 58 in file common.s
   Uses
      At line 95 in file proc.s
      At line 103 in file proc.s
      At line 111 in file proc.s

W1_ON 00000000

Symbol: W1_ON
   Definitions
      At line 53 in file common.s
   Uses
      At line 87 in file proc.s
Comment: W1_ON used once
W2_OFF 00000000

Symbol: W2_OFF
   Definitions
      At line 59 in file common.s
   Uses
      At line 88 in file proc.s
      At line 104 in file proc.s
      At line 112 in file proc.s

W2_ON 00000000

Symbol: W2_ON
   Definitions
      At line 54 in file common.s
   Uses
      At line 96 in file proc.s
Comment: W2_ON used once
W3_OFF 00000000

Symbol: W3_OFF
   Definitions
      At line 60 in file common.s
   Uses
      At line 89 in file proc.s
      At line 97 in file proc.s
      At line 113 in file proc.s

W3_ON 00000000

Symbol: W3_ON
   Definitions
      At line 55 in file common.s
   Uses
      At line 105 in file proc.s
Comment: W3_ON used once
W4_OFF 00000000

Symbol: W4_OFF
   Definitions
      At line 61 in file common.s
   Uses
      At line 90 in file proc.s
      At line 98 in file proc.s



ARM Macro Assembler    Page 4 Alphabetic symbol ordering
External symbols

      At line 106 in file proc.s

W4_ON 00000000

Symbol: W4_ON
   Definitions
      At line 56 in file common.s
   Uses
      At line 114 in file proc.s
Comment: W4_ON used once
cal_dis 00000000

Symbol: cal_dis
   Definitions
      At line 3 in file proc.s
   Uses
      None
Comment: cal_dis unused
23 symbols
409 symbols in table
